<?xml version="1.0" encoding="UTF-8"?>
<!-- Generated by org.testng.reporters.JUnitXMLReporter -->
<testsuite ignored="0" hostname="Osamas-Mac-mini" failures="0" tests="4" name="GRP-User-Registration Tests" time="0.059" errors="0" timestamp="2022-01-02T12:06:50 PKT">
  <testcase classname="ui.TestInGroups" name="Test1" time="0.009"/>
  <testcase classname="ui.TestInGroups" name="Test2" time="0.001"/>
  <testcase classname="ui.TestInGroups" name="Test3" time="0.002"/>
  <testcase classname="ui.TestInGroups" name="Test4" time="0.002"/>
</testsuite> <!-- GRP-User-Registration Tests -->
