<?xml version="1.0" encoding="UTF-8"?>
<!-- Generated by org.testng.reporters.JUnitXMLReporter -->
<testsuite ignored="1" hostname="Osamas-Mac-mini" failures="0" tests="3" name="GRP-regression" time="0.054" errors="0" timestamp="2022-01-02T12:04:44 PKT">
  <testcase classname="ui.TestInGroups" name="Test1" time="0.009"/>
  <testcase classname="ui.TestInGroups" name="Test12" time="0.003"/>
  <testcase classname="ui.TestInGroups" name="Test3" time="0.004"/>
  <testcase classname="ui.TestInGroups" name="Test4" time="0.0">
    <ignored/>
  </testcase> <!-- Test4 -->
</testsuite> <!-- GRP-regression -->
