<?xml version="1.0" encoding="UTF-8"?>
<!-- Generated by org.testng.reporters.JUnitXMLReporter -->
<testsuite ignored="2" hostname="Osamas-Mac-mini" failures="0" tests="2" name="GRP-BVT" time="0.044" errors="0" timestamp="2022-01-02T12:05:15 PKT">
  <testcase classname="ui.TestInGroups" name="Test3" time="0.007"/>
  <testcase classname="ui.TestInGroups" name="Test4" time="0.001"/>
  <testcase classname="ui.TestInGroups" name="Test1" time="0.0">
    <ignored/>
  </testcase> <!-- Test1 -->
  <testcase classname="ui.TestInGroups" name="Test2" time="0.0">
    <ignored/>
  </testcase> <!-- Test2 -->
</testsuite> <!-- GRP-BVT -->
