<?xml version="1.0" encoding="UTF-8"?>
<!-- Generated by org.testng.reporters.JUnitXMLReporter -->
<testsuite ignored="7" hostname="Osamas-Mac-mini" failures="0" tests="8" name="All test cases" time="7.478" errors="0" timestamp="2022-01-02T14:41:31 PKT">
  <testcase classname="ui.TestInGroups" name="Test1" time="0.005"/>
  <testcase classname="ui.TestInGroups" name="Test2" time="0.002"/>
  <testcase classname="ui.TestInGroups" name="Test3" time="0.001"/>
  <testcase classname="ui.TestInGroups" name="Test4" time="0.001"/>
  <testcase classname="ui.TestTitle" name="voidTitleTest" time="7.407"/>
  <testcase classname="ui.TestNG_Practice" name="LoginTest" time="0.002"/>
  <testcase classname="ui.TestNG_Practice" name="LogoutTest" time="0.001"/>
  <testcase classname="ui.SkipTestDemo" name="SkipTest12" time="0.001">
    <skipped/>
  </testcase> <!-- SkipTest12 -->
  <testcase classname="ui.SkipTestDemo" name="SkipTest1" time="0.0">
    <ignored/>
  </testcase> <!-- SkipTest1 -->
  <testcase classname="common.CommonData" name="@AfterSuite DataCleanup" time="0.0">
    <ignored/>
  </testcase> <!-- @AfterSuite DataCleanup -->
  <testcase classname="common.CommonData" name="@AfterSuite DataCleanup" time="0.0">
    <ignored/>
  </testcase> <!-- @AfterSuite DataCleanup -->
  <testcase classname="common.CommonData" name="@AfterSuite DataCleanup" time="0.0">
    <ignored/>
  </testcase> <!-- @AfterSuite DataCleanup -->
  <testcase classname="common.CommonData" name="@BeforeSuite DataSetup" time="0.0">
    <ignored/>
  </testcase> <!-- @BeforeSuite DataSetup -->
  <testcase classname="common.CommonData" name="@BeforeSuite DataSetup" time="0.0">
    <ignored/>
  </testcase> <!-- @BeforeSuite DataSetup -->
  <testcase classname="common.CommonData" name="@BeforeSuite DataSetup" time="0.0">
    <ignored/>
  </testcase> <!-- @BeforeSuite DataSetup -->
</testsuite> <!-- All test cases -->
