<?xml version="1.0" encoding="UTF-8"?>
<!-- Generated by org.testng.reporters.JUnitXMLReporter -->
<testsuite ignored="0" hostname="Osamas-Mac-mini" failures="0" tests="4" name="Test" time="0.039" errors="0" timestamp="2022-01-03T16:46:23 PKT">
  <testcase classname="ui.TestInGroups" name="Test1" time="0.006"/>
  <testcase classname="ui.TestInGroups" name="Test2" time="0.001"/>
  <testcase classname="ui.TestInGroups" name="Test3" time="0.001"/>
  <testcase classname="ui.TestInGroups" name="Test4" time="0.003"/>
</testsuite> <!-- Test -->
